kotlin version: 2.0.21
error message: org.jetbrains.kotlin.backend.common.BackendException: Backend Internal error: Exception during IR lowering
File being compiled: C:/Users/Rohit/AndroidStudioProjects/PuzzleNova3/app/src/main/java/com/example/puzzlenova/TwentyFortyEightActivity.kt
The root cause java.lang.RuntimeException was thrown at: org.jetbrains.kotlin.backend.jvm.codegen.FunctionCodegen.generate(FunctionCodegen.kt:47)
	at org.jetbrains.kotlin.backend.common.CodegenUtil.reportBackendException(CodegenUtil.kt:253)
	at org.jetbrains.kotlin.backend.common.CodegenUtil.reportBackendException$default(CodegenUtil.kt:236)
	at org.jetbrains.kotlin.backend.common.phaser.PerformByIrFilePhase.invokeSequential(performByIrFile.kt:65)
	at org.jetbrains.kotlin.backend.common.phaser.PerformByIrFilePhase.invoke(performByIrFile.kt:52)
	at org.jetbrains.kotlin.backend.common.phaser.PerformByIrFilePhase.invoke(performByIrFile.kt:38)
	at org.jetbrains.kotlin.backend.common.phaser.NamedCompilerPhase.phaseBody(CompilerPhase.kt:166)
	at org.jetbrains.kotlin.backend.common.phaser.AbstractNamedCompilerPhase.invoke(CompilerPhase.kt:113)
	at org.jetbrains.kotlin.backend.common.phaser.CompositePhase.invoke(PhaseBuilders.kt:27)
	at org.jetbrains.kotlin.backend.common.phaser.CompositePhase.invoke(PhaseBuilders.kt:14)
	at org.jetbrains.kotlin.backend.common.phaser.NamedCompilerPhase.phaseBody(CompilerPhase.kt:166)
	at org.jetbrains.kotlin.backend.common.phaser.AbstractNamedCompilerPhase.invoke(CompilerPhase.kt:113)
	at org.jetbrains.kotlin.backend.common.phaser.CompilerPhaseKt.invokeToplevel(CompilerPhase.kt:62)
	at org.jetbrains.kotlin.backend.jvm.JvmIrCodegenFactory.invokeCodegen(JvmIrCodegenFactory.kt:371)
	at org.jetbrains.kotlin.codegen.CodegenFactory.generateModule(CodegenFactory.kt:47)
	at org.jetbrains.kotlin.backend.jvm.JvmIrCodegenFactory.generateModuleInFrontendIRMode(JvmIrCodegenFactory.kt:433)
	at org.jetbrains.kotlin.cli.jvm.compiler.pipeline.JvmCompilerPipelineKt.generateCodeFromIr(jvmCompilerPipeline.kt:246)
	at org.jetbrains.kotlin.cli.jvm.compiler.pipeline.JvmCompilerPipelineKt.compileModulesUsingFrontendIrAndLightTree(jvmCompilerPipeline.kt:142)
	at org.jetbrains.kotlin.cli.jvm.K2JVMCompiler.doExecute(K2JVMCompiler.kt:148)
	at org.jetbrains.kotlin.cli.jvm.K2JVMCompiler.doExecute(K2JVMCompiler.kt:43)
	at org.jetbrains.kotlin.cli.common.CLICompiler.execImpl(CLICompiler.kt:103)
	at org.jetbrains.kotlin.cli.common.CLICompiler.execImpl(CLICompiler.kt:49)
	at org.jetbrains.kotlin.cli.common.CLITool.exec(CLITool.kt:101)
	at org.jetbrains.kotlin.incremental.IncrementalJvmCompilerRunner.runCompiler(IncrementalJvmCompilerRunner.kt:464)
	at org.jetbrains.kotlin.incremental.IncrementalJvmCompilerRunner.runCompiler(IncrementalJvmCompilerRunner.kt:73)
	at org.jetbrains.kotlin.incremental.IncrementalCompilerRunner.doCompile(IncrementalCompilerRunner.kt:506)
	at org.jetbrains.kotlin.incremental.IncrementalCompilerRunner.compileImpl(IncrementalCompilerRunner.kt:423)
	at org.jetbrains.kotlin.incremental.IncrementalCompilerRunner.tryCompileIncrementally$lambda$9$compile(IncrementalCompilerRunner.kt:249)
	at org.jetbrains.kotlin.incremental.IncrementalCompilerRunner.tryCompileIncrementally(IncrementalCompilerRunner.kt:267)
	at org.jetbrains.kotlin.incremental.IncrementalCompilerRunner.compile(IncrementalCompilerRunner.kt:120)
	at org.jetbrains.kotlin.daemon.CompileServiceImplBase.execIncrementalCompiler(CompileServiceImpl.kt:675)
	at org.jetbrains.kotlin.daemon.CompileServiceImplBase.access$execIncrementalCompiler(CompileServiceImpl.kt:92)
	at org.jetbrains.kotlin.daemon.CompileServiceImpl.compile(CompileServiceImpl.kt:1660)
	at java.base/jdk.internal.reflect.DirectMethodHandleAccessor.invoke(Unknown Source)
	at java.base/java.lang.reflect.Method.invoke(Unknown Source)
	at java.rmi/sun.rmi.server.UnicastServerRef.dispatch(Unknown Source)
	at java.rmi/sun.rmi.transport.Transport$1.run(Unknown Source)
	at java.rmi/sun.rmi.transport.Transport$1.run(Unknown Source)
	at java.base/java.security.AccessController.doPrivileged(Unknown Source)
	at java.rmi/sun.rmi.transport.Transport.serviceCall(Unknown Source)
	at java.rmi/sun.rmi.transport.tcp.TCPTransport.handleMessages(Unknown Source)
	at java.rmi/sun.rmi.transport.tcp.TCPTransport$ConnectionHandler.run0(Unknown Source)
	at java.rmi/sun.rmi.transport.tcp.TCPTransport$ConnectionHandler.lambda$run$0(Unknown Source)
	at java.base/java.security.AccessController.doPrivileged(Unknown Source)
	at java.rmi/sun.rmi.transport.tcp.TCPTransport$ConnectionHandler.run(Unknown Source)
	at java.base/java.util.concurrent.ThreadPoolExecutor.runWorker(Unknown Source)
	at java.base/java.util.concurrent.ThreadPoolExecutor$Worker.run(Unknown Source)
	at java.base/java.lang.Thread.run(Unknown Source)
Caused by: java.lang.RuntimeException: Exception while generating code for:
FUN name:createTileView visibility:private modality:FINAL <> ($this:com.example.puzzlenova.TwentyFortyEightActivity, context:android.content.Context) returnType:android.widget.TextView
  $this: VALUE_PARAMETER name:<this> type:com.example.puzzlenova.TwentyFortyEightActivity
  VALUE_PARAMETER name:context index:0 type:android.content.Context
  BLOCK_BODY
    RETURN type=kotlin.Nothing from='private final fun createTileView (context: android.content.Context): android.widget.TextView declared in com.example.puzzlenova.TwentyFortyEightActivity'
      CALL 'public final fun apply <T> (block: @[ExtensionFunctionType] kotlin.Function1<T of kotlin.StandardKt.apply, kotlin.Unit>): T of kotlin.StandardKt.apply [inline] declared in kotlin.StandardKt' type=android.widget.TextView origin=null
        <T>: android.widget.TextView
        $receiver: CONSTRUCTOR_CALL 'public constructor <init> (p0: @[FlexibleNullability] android.content.Context?) declared in android.widget.TextView' type=android.widget.TextView origin=null
          p0: GET_VAR 'context: android.content.Context declared in com.example.puzzlenova.TwentyFortyEightActivity.createTileView' type=android.content.Context origin=null
        block: BLOCK type=@[ExtensionFunctionType] kotlin.Function1<android.widget.TextView, kotlin.Unit> origin=LAMBDA
          COMPOSITE type=kotlin.Unit origin=null
          FUNCTION_REFERENCE 'private final fun createTileView$lambda$8 ($context: android.content.Context): kotlin.Unit declared in com.example.puzzlenova.TwentyFortyEightActivity' type=@[ExtensionFunctionType] kotlin.Function1<android.widget.TextView, kotlin.Unit> origin=INLINE_LAMBDA reflectionTarget=null
            $context: GET_VAR 'context: android.content.Context declared in com.example.puzzlenova.TwentyFortyEightActivity.createTileView' type=android.content.Context origin=null

	at org.jetbrains.kotlin.backend.jvm.codegen.FunctionCodegen.generate(FunctionCodegen.kt:47)
	at org.jetbrains.kotlin.backend.jvm.codegen.FunctionCodegen.generate$default(FunctionCodegen.kt:40)
	at org.jetbrains.kotlin.backend.jvm.codegen.ClassCodegen.generateMethodNode(ClassCodegen.kt:406)
	at org.jetbrains.kotlin.backend.jvm.codegen.ClassCodegen.generateMethod(ClassCodegen.kt:423)
	at org.jetbrains.kotlin.backend.jvm.codegen.ClassCodegen.generate(ClassCodegen.kt:168)
	at org.jetbrains.kotlin.backend.jvm.FileCodegen.lower(JvmPhases.kt:39)
	at org.jetbrains.kotlin.backend.common.phaser.PhaseFactoriesKt.createFilePhase$lambda$4(PhaseFactories.kt:71)
	at org.jetbrains.kotlin.backend.common.phaser.PhaseBuildersKt$createSimpleNamedCompilerPhase$1.phaseBody(PhaseBuilders.kt:69)
	at org.jetbrains.kotlin.backend.common.phaser.SimpleNamedCompilerPhase.phaseBody(CompilerPhase.kt:226)
	at org.jetbrains.kotlin.backend.common.phaser.AbstractNamedCompilerPhase.invoke(CompilerPhase.kt:113)
	at org.jetbrains.kotlin.backend.common.phaser.PerformByIrFilePhase.invokeSequential(performByIrFile.kt:62)
	... 44 more
Caused by: java.lang.RuntimeException: Exception while generating code for:
FUN INLINE_LAMBDA name:createTileView$lambda$8 visibility:private modality:FINAL <> ($receiver:android.widget.TextView, $context:android.content.Context) returnType:kotlin.Unit
  $receiver: VALUE_PARAMETER name:$this$apply type:android.widget.TextView
  VALUE_PARAMETER BOUND_VALUE_PARAMETER name:$context index:0 type:android.content.Context
  BLOCK_BODY
    VAR name:$i$a$-apply-TwentyFortyEightActivity$createTileView$1 type:kotlin.Int [val]
      CONST Int type=kotlin.Int value=0
    CALL 'public open fun setGravity (p0: kotlin.Int): kotlin.Unit declared in android.widget.TextView' type=kotlin.Unit origin=EQ
      $this: GET_VAR '$this$apply: android.widget.TextView declared in com.example.puzzlenova.TwentyFortyEightActivity.createTileView$lambda$8' type=android.widget.TextView origin=null
      p0: CONST Int type=kotlin.Int value=17
    CALL 'public open fun setTextColor (p0: kotlin.Int): kotlin.Unit declared in android.widget.TextView' type=kotlin.Unit origin=null
      $this: GET_VAR '$this$apply: android.widget.TextView declared in com.example.puzzlenova.TwentyFortyEightActivity.createTileView$lambda$8' type=android.widget.TextView origin=null
      p0: CONST Int type=kotlin.Int value=-1
    CALL 'public open fun setTextSize (p0: kotlin.Float): kotlin.Unit declared in android.widget.TextView' type=kotlin.Unit origin=EQ
      $this: GET_VAR '$this$apply: android.widget.TextView declared in com.example.puzzlenova.TwentyFortyEightActivity.createTileView$lambda$8' type=android.widget.TextView origin=null
      p0: CONST Float type=kotlin.Float value=32.0
    SET_FIELD 'FIELD IR_EXTERNAL_JAVA_DECLARATION_STUB name:textStyle type:kotlin.Int visibility:public [final,static] declared in android.R.attr' type=kotlin.Unit superQualifierSymbol=android.R.attr origin=EQ
      value: CONST Int type=kotlin.Int value=1
    CALL 'public open fun setBackground (p0: @[FlexibleNullability] android.graphics.drawable.Drawable?): kotlin.Unit [fake_override] declared in android.widget.TextView' type=kotlin.Unit origin=EQ
      $this: GET_VAR '$this$apply: android.widget.TextView declared in com.example.puzzlenova.TwentyFortyEightActivity.createTileView$lambda$8' type=android.widget.TextView origin=null
      p0: CALL 'public open fun getDrawable (p0: @[NonNull] @[FlexibleNullability] android.content.Context?, p1: kotlin.Int): @[Nullable] @[FlexibleNullability] android.graphics.drawable.Drawable? declared in androidx.core.content.ContextCompat' type=@[FlexibleNullability] @[Nullable] android.graphics.drawable.Drawable? origin=null
        p0: GET_VAR '$context: android.content.Context declared in com.example.puzzlenova.TwentyFortyEightActivity.createTileView$lambda$8' type=android.content.Context origin=null
        p1: GET_FIELD 'FIELD IR_EXTERNAL_JAVA_DECLARATION_STUB name:tile_background type:kotlin.Int visibility:public [static] declared in com.example.puzzlenova.R.drawable' type=kotlin.Int superQualifierSymbol=com.example.puzzlenova.R.drawable origin=null

	at org.jetbrains.kotlin.backend.jvm.codegen.FunctionCodegen.generate(FunctionCodegen.kt:47)
	at org.jetbrains.kotlin.backend.jvm.codegen.IrSourceCompilerForInline.generateLambdaBody(IrSourceCompilerForInline.kt:67)
	at org.jetbrains.kotlin.codegen.inline.ExpressionLambda.generateLambdaBody(LambdaInfo.kt:72)
	at org.jetbrains.kotlin.backend.jvm.codegen.IrInlineCodegen.genValueAndPut(IrInlineCodegen.kt:100)
	at org.jetbrains.kotlin.backend.jvm.codegen.ExpressionCodegen.visitCall$handleParameter(ExpressionCodegen.kt:616)
	at org.jetbrains.kotlin.backend.jvm.codegen.ExpressionCodegen.visitCall(ExpressionCodegen.kt:644)
	at org.jetbrains.kotlin.backend.jvm.codegen.ExpressionCodegen.visitCall(ExpressionCodegen.kt:138)
	at org.jetbrains.kotlin.ir.expressions.IrCall.accept(IrCall.kt:24)
	at org.jetbrains.kotlin.backend.jvm.codegen.ExpressionCodegen.visitReturn(ExpressionCodegen.kt:1051)
	at org.jetbrains.kotlin.backend.jvm.codegen.ExpressionCodegen.visitReturn(ExpressionCodegen.kt:138)
	at org.jetbrains.kotlin.ir.expressions.IrReturn.accept(IrReturn.kt:24)
	at org.jetbrains.kotlin.backend.jvm.codegen.ExpressionCodegen.visitStatementContainer(ExpressionCodegen.kt:579)
	at org.jetbrains.kotlin.backend.jvm.codegen.ExpressionCodegen.visitBlockBody(ExpressionCodegen.kt:584)
	at org.jetbrains.kotlin.backend.jvm.codegen.ExpressionCodegen.visitBlockBody(ExpressionCodegen.kt:138)
	at org.jetbrains.kotlin.ir.expressions.IrBlockBody.accept(IrBlockBody.kt:20)
	at org.jetbrains.kotlin.backend.jvm.codegen.ExpressionCodegen.generate(ExpressionCodegen.kt:240)
	at org.jetbrains.kotlin.backend.jvm.codegen.FunctionCodegen.doGenerate(FunctionCodegen.kt:123)
	at org.jetbrains.kotlin.backend.jvm.codegen.FunctionCodegen.generate(FunctionCodegen.kt:44)
	... 54 more
Caused by: java.lang.AssertionError: access of const val: SET_FIELD 'FIELD IR_EXTERNAL_JAVA_DECLARATION_STUB name:textStyle type:kotlin.Int visibility:public [final,static] declared in android.R.attr' type=kotlin.Unit superQualifierSymbol=android.R.attr origin=EQ
  value: CONST Int type=kotlin.Int value=1

	at org.jetbrains.kotlin.backend.jvm.codegen.ExpressionCodegen.visitFieldAccess(ExpressionCodegen.kt:861)
	at org.jetbrains.kotlin.backend.jvm.codegen.ExpressionCodegen.visitFieldAccess(ExpressionCodegen.kt:138)
	at org.jetbrains.kotlin.ir.visitors.IrElementVisitor$DefaultImpls.visitSetField(IrElementVisitor.kt:206)
	at org.jetbrains.kotlin.backend.jvm.codegen.ExpressionCodegen.visitSetField(ExpressionCodegen.kt:908)
	at org.jetbrains.kotlin.backend.jvm.codegen.ExpressionCodegen.visitSetField(ExpressionCodegen.kt:138)
	at org.jetbrains.kotlin.ir.expressions.IrSetField.accept(IrSetField.kt:21)
	at org.jetbrains.kotlin.backend.jvm.codegen.ExpressionCodegen.visitStatementContainer(ExpressionCodegen.kt:579)
	at org.jetbrains.kotlin.backend.jvm.codegen.ExpressionCodegen.visitBlockBody(ExpressionCodegen.kt:584)
	at org.jetbrains.kotlin.backend.jvm.codegen.ExpressionCodegen.visitBlockBody(ExpressionCodegen.kt:138)
	at org.jetbrains.kotlin.ir.expressions.IrBlockBody.accept(IrBlockBody.kt:20)
	at org.jetbrains.kotlin.backend.jvm.codegen.ExpressionCodegen.generate(ExpressionCodegen.kt:240)
	at org.jetbrains.kotlin.backend.jvm.codegen.FunctionCodegen.doGenerate(FunctionCodegen.kt:123)
	at org.jetbrains.kotlin.backend.jvm.codegen.FunctionCodegen.generate(FunctionCodegen.kt:44)
	... 71 more


